2016-09-14 18:51:44,389:389.851093292 - ubuntu_sso.utils.translation - WARNING - Translations not found, using null translator.
2016-09-14 18:51:44,520:520.701885223 - ubuntu_sso.main - INFO - Setting up Ubuntu SSO service.
2016-09-14 18:51:44,642:642.051935196 - ubuntu_sso.main - INFO - Ubuntu SSO service started.
2016-09-14 18:51:44,642:642.365932465 - ubuntu_sso.account - INFO - Creating a new SSO access layer for service url u'https://login.ubuntu.com/api/1.0/'
2016-09-14 18:51:44,752:752.238035202 - ubuntu_sso.credentials - INFO - find_credentials: self.app_name dbus.String(u'Ubuntu One'), result is {}? True
2016-09-14 18:51:44,780:780.461072922 - ubuntu_sso.main - INFO - 'CredentialsManagement': emitting 'CredentialsNotFound' with args (dbus.String(u'Ubuntu One'),) and kwargs {}
2016-09-14 18:52:14,433:433.427095413 - ubuntu_sso.main - INFO - Shutting down, calling <function shutdown_func at 0x7f08660bd500>.
2016-09-14 18:53:02,232:232.633113861 - ubuntu_sso.utils.translation - WARNING - Translations not found, using null translator.
2016-09-14 18:53:02,631:631.731987 - ubuntu_sso.main - INFO - Setting up Ubuntu SSO service.
2016-09-14 18:53:02,780:780.678987503 - ubuntu_sso.main - INFO - Ubuntu SSO service started.
2016-09-14 18:53:02,781:781.078100204 - ubuntu_sso.account - INFO - Creating a new SSO access layer for service url u'https://login.ubuntu.com/api/1.0/'
2016-09-14 18:53:02,867:867.449045181 - ubuntu_sso.credentials - INFO - find_credentials: self.app_name dbus.String(u'Ubuntu One'), result is {}? True
2016-09-14 18:53:02,872:872.428894043 - ubuntu_sso.main - INFO - 'CredentialsManagement': emitting 'CredentialsNotFound' with args (dbus.String(u'Ubuntu One'),) and kwargs {}
2016-09-14 18:53:12,941:941.713094711 - ubuntu_sso.main - INFO - Shutting down, calling <function shutdown_func at 0x7fcd6deb5500>.
2016-09-14 18:55:28,886:886.871099472 - ubuntu_sso.utils.translation - WARNING - Translations not found, using null translator.
2016-09-14 18:55:29,072:72.4260807037 - ubuntu_sso.main - INFO - Setting up Ubuntu SSO service.
2016-09-14 18:55:29,166:166.001081467 - ubuntu_sso.main - INFO - Ubuntu SSO service started.
2016-09-14 18:55:29,166:166.372060776 - ubuntu_sso.account - INFO - Creating a new SSO access layer for service url u'https://login.ubuntu.com/api/1.0/'
2016-09-14 18:55:29,254:254.80389595 - ubuntu_sso.credentials - INFO - find_credentials: self.app_name dbus.String(u'Ubuntu One'), result is {}? True
2016-09-14 18:55:29,256:256.417989731 - ubuntu_sso.main - INFO - 'CredentialsManagement': emitting 'CredentialsNotFound' with args (dbus.String(u'Ubuntu One'),) and kwargs {}
2016-09-14 18:55:39,268:268.480062485 - ubuntu_sso.main - INFO - Shutting down, calling <function shutdown_func at 0x7f73e962d500>.
2016-09-15 16:14:13,937:937.657117844 - ubuntu_sso.utils.translation - WARNING - Translations not found, using null translator.
2016-09-15 16:14:14,031:31.583070755 - ubuntu_sso.main - INFO - Setting up Ubuntu SSO service.
2016-09-15 16:14:14,071:71.5699195862 - ubuntu_sso.main - INFO - Ubuntu SSO service started.
2016-09-15 16:14:14,071:71.9239711761 - ubuntu_sso.account - INFO - Creating a new SSO access layer for service url u'https://login.ubuntu.com/api/1.0/'
2016-09-15 16:14:14,098:98.0548858643 - ubuntu_sso.credentials - INFO - find_credentials: self.app_name dbus.String(u'Ubuntu One'), result is {}? True
2016-09-15 16:14:14,098:98.6869335175 - ubuntu_sso.main - INFO - 'CredentialsManagement': emitting 'CredentialsNotFound' with args (dbus.String(u'Ubuntu One'),) and kwargs {}
2016-09-15 16:14:22,775:775.991916656 - ubuntu_sso.credentials - INFO - find_credentials: self.app_name dbus.String(u'Ubuntu One'), result is {}? True
2016-09-15 16:14:22,776:776.388883591 - ubuntu_sso.main - INFO - 'CredentialsManagement': emitting 'CredentialsNotFound' with args (dbus.String(u'Ubuntu One'),) and kwargs {}
2016-09-15 16:14:24,118:118.917942047 - ubuntu_sso.main - INFO - Shutting down, calling <function shutdown_func at 0x7f09405fd500>.
2016-09-22 19:23:02,455:455.465078354 - ubuntu_sso.utils.translation - WARNING - Translations not found, using null translator.
2016-09-22 19:23:02,666:666.547060013 - ubuntu_sso.main - INFO - Setting up Ubuntu SSO service.
2016-09-22 19:23:02,762:762.844085693 - ubuntu_sso.main - INFO - Ubuntu SSO service started.
2016-09-22 19:23:02,763:763.247966766 - ubuntu_sso.account - INFO - Creating a new SSO access layer for service url u'https://login.ubuntu.com/api/1.0/'
2016-09-22 19:23:02,886:886.425018311 - ubuntu_sso.credentials - INFO - find_credentials: self.app_name dbus.String(u'Ubuntu One'), result is {}? True
2016-09-22 19:23:02,887:887.120962143 - ubuntu_sso.main - INFO - 'CredentialsManagement': emitting 'CredentialsNotFound' with args (dbus.String(u'Ubuntu One'),) and kwargs {}
2016-09-22 19:23:12,936:936.19799614 - ubuntu_sso.main - INFO - Shutting down, calling <function shutdown_func at 0x7ff9c41d0500>.
2016-09-22 19:28:04,549:549.015045166 - ubuntu_sso.utils.translation - WARNING - Translations not found, using null translator.
2016-09-22 19:28:05,079:79.9601078033 - ubuntu_sso.main - INFO - Setting up Ubuntu SSO service.
2016-09-22 19:28:05,183:183.245897293 - ubuntu_sso.main - INFO - Ubuntu SSO service started.
2016-09-22 19:28:05,183:183.608055115 - ubuntu_sso.account - INFO - Creating a new SSO access layer for service url u'https://login.ubuntu.com/api/1.0/'
2016-09-22 19:28:05,307:307.518005371 - ubuntu_sso.credentials - INFO - find_credentials: self.app_name dbus.String(u'Ubuntu One'), result is {}? True
2016-09-22 19:28:05,308:308.218002319 - ubuntu_sso.main - INFO - 'CredentialsManagement': emitting 'CredentialsNotFound' with args (dbus.String(u'Ubuntu One'),) and kwargs {}
2016-09-22 19:28:15,322:322.196960449 - ubuntu_sso.main - INFO - Shutting down, calling <function shutdown_func at 0x7f469db12500>.
2016-09-22 19:38:03,046:46.4498996735 - ubuntu_sso.utils.translation - WARNING - Translations not found, using null translator.
2016-09-22 19:38:03,169:169.152975082 - ubuntu_sso.main - INFO - Setting up Ubuntu SSO service.
2016-09-22 19:38:03,269:269.787073135 - ubuntu_sso.main - INFO - Ubuntu SSO service started.
2016-09-22 19:38:03,270:270.18904686 - ubuntu_sso.account - INFO - Creating a new SSO access layer for service url u'https://login.ubuntu.com/api/1.0/'
2016-09-22 19:38:03,354:354.515075684 - ubuntu_sso.credentials - INFO - find_credentials: self.app_name dbus.String(u'Ubuntu One'), result is {}? True
2016-09-22 19:38:03,355:355.912923813 - ubuntu_sso.main - INFO - 'CredentialsManagement': emitting 'CredentialsNotFound' with args (dbus.String(u'Ubuntu One'),) and kwargs {}
2016-09-22 19:38:13,380:380.187034607 - ubuntu_sso.main - INFO - Shutting down, calling <function shutdown_func at 0x7fd7d1939500>.
2016-09-22 19:43:04,463:463.408946991 - ubuntu_sso.utils.translation - WARNING - Translations not found, using null translator.
2016-09-22 19:43:04,839:839.868068695 - ubuntu_sso.main - INFO - Setting up Ubuntu SSO service.
2016-09-22 19:43:05,036:36.6320610046 - ubuntu_sso.main - INFO - Ubuntu SSO service started.
2016-09-22 19:43:05,037:37.0769500732 - ubuntu_sso.account - INFO - Creating a new SSO access layer for service url u'https://login.ubuntu.com/api/1.0/'
2016-09-22 19:43:05,179:179.95595932 - ubuntu_sso.credentials - INFO - find_credentials: self.app_name dbus.String(u'Ubuntu One'), result is {}? True
2016-09-22 19:43:05,180:180.629014969 - ubuntu_sso.main - INFO - 'CredentialsManagement': emitting 'CredentialsNotFound' with args (dbus.String(u'Ubuntu One'),) and kwargs {}
2016-09-22 19:43:15,213:213.311910629 - ubuntu_sso.main - INFO - Shutting down, calling <function shutdown_func at 0x7f984d98f500>.
